<?xml version="1.0" encoding="UTF-8"?>
<!-- Generated by org.testng.reporters.JUnitReportReporter -->
<testsuite hostname="MSI" failures="0" tests="1" name="ddt.DataDrivenTestingEx01" time="4.229" errors="0" timestamp="2020-10-17T19:53:03 IST" skipped="0">
  <testcase classname="ddt.DataDrivenTestingEx01" name="test_post" time="4.229"/>
  <system-out/>
</testsuite> <!-- ddt.DataDrivenTestingEx01 -->
