<?xml version="1.0" encoding="UTF-8"?>
<!-- Generated by org.testng.reporters.JUnitReportReporter -->
<testsuite hostname="MSI" failures="0" tests="12" name="ddt.DataDrivenTestingEx01" time="25.251" errors="0" timestamp="2020-09-20T14:16:00 IST" skipped="0">
  <testcase classname="ddt.DataDrivenTestingEx01" name="test_post" time="1.973"/>
  <system-out/>
  <testcase classname="ddt.DataDrivenTestingEx01" name="test_post" time="3.768"/>
  <system-out/>
  <testcase classname="ddt.DataDrivenTestingEx01" name="test_post" time="1.968"/>
  <system-out/>
  <testcase classname="ddt.DataDrivenTestingEx01" name="test_post" time="1.982"/>
  <system-out/>
  <testcase classname="ddt.DataDrivenTestingEx01" name="test_post" time="1.969"/>
  <system-out/>
  <testcase classname="ddt.DataDrivenTestingEx01" name="test_post" time="1.938"/>
  <system-out/>
  <testcase classname="ddt.DataDrivenTestingEx01" name="test_post" time="1.916"/>
  <system-out/>
  <testcase classname="ddt.DataDrivenTestingEx01" name="test_post" time="1.936"/>
  <system-out/>
  <testcase classname="ddt.DataDrivenTestingEx01" name="test_post" time="1.947"/>
  <system-out/>
  <testcase classname="ddt.DataDrivenTestingEx01" name="test_post" time="1.925"/>
  <system-out/>
  <testcase classname="ddt.DataDrivenTestingEx01" name="test_post" time="1.977"/>
  <system-out/>
  <testcase classname="ddt.DataDrivenTestingEx01" name="test_post" time="1.952"/>
  <system-out/>
</testsuite> <!-- ddt.DataDrivenTestingEx01 -->
