<?xml version="1.0" encoding="UTF-8"?>
<!-- Generated by org.testng.reporters.JUnitReportReporter -->
<testsuite hostname="MSI" failures="0" tests="8" name="ddt.DataDrivenTestingEx01" time="18.109" errors="0" timestamp="2020-09-20T13:06:58 IST" skipped="0">
  <testcase classname="ddt.DataDrivenTestingEx01" name="test_post" time="2.096"/>
  <system-out/>
  <testcase classname="ddt.DataDrivenTestingEx01" name="test_post" time="1.999"/>
  <system-out/>
  <testcase classname="ddt.DataDrivenTestingEx01" name="test_post" time="4.171"/>
  <system-out/>
  <testcase classname="ddt.DataDrivenTestingEx01" name="test_post" time="1.960"/>
  <system-out/>
  <testcase classname="ddt.DataDrivenTestingEx01" name="test_post" time="2.013"/>
  <system-out/>
  <testcase classname="ddt.DataDrivenTestingEx01" name="test_post" time="1.950"/>
  <system-out/>
  <testcase classname="ddt.DataDrivenTestingEx01" name="test_post" time="1.959"/>
  <system-out/>
  <testcase classname="ddt.DataDrivenTestingEx01" name="test_post" time="1.961"/>
  <system-out/>
</testsuite> <!-- ddt.DataDrivenTestingEx01 -->
